{"uid":"26ea79776d08411a","name":"No se permite que el hijo sea mayor que el contratante","fullName":"Flujo completo de contratación de seguro en Queplan: No se permite que el hijo sea mayor que el contratante","historyId":"14485d4cd5604f38fd8ad186fe6e8fc3","time":{"start":1752523565828,"stop":1752523689780,"duration":123952},"status":"broken","statusMessage":"selenium.common.exceptions.NoSuchWindowException: Message: no such window: target window already closed\nfrom unknown error: web view not found\n  (Session info: chrome=138.0.7204.101)\nStacktrace:\n0   chromedriver                        0x0000000102b8ceb4 cxxbridge1$str$ptr + 2722840\n1   chromedriver                        0x0000000102b84dbc cxxbridge1$str$ptr + 2689824\n2   chromedriver                        0x00000001026d63ec cxxbridge1$string$len + 90648\n3   chromedriver                        0x00000001026b0144 chromedriver + 131396\n4   chromedriver                        0x000000010274560c cxxbridge1$string$len + 545848\n5   chromedriver                        0x000000010275e454 cxxbridge1$string$len + 647808\n6   chromedriver                        0x0000000102711834 cxxbridge1$string$len + 333408\n7   chromedriver                        0x0000000102b4ffd0 cxxbridge1$str$ptr + 2473268\n8   chromedriver                        0x0000000102b5323c cxxbridge1$str$ptr + 2486176\n9   chromedriver                        0x0000000102b31a18 cxxbridge1$str$ptr + 2348924\n10  chromedriver                        0x0000000102b53af8 cxxbridge1$str$ptr + 2488412\n11  chromedriver                        0x0000000102b22aa8 cxxbridge1$str$ptr + 2287628\n12  chromedriver                        0x0000000102b739e8 cxxbridge1$str$ptr + 2619212\n13  chromedriver                        0x0000000102b73b74 cxxbridge1$str$ptr + 2619608\n14  chromedriver                        0x0000000102b849f8 cxxbridge1$str$ptr + 2688860\n15  libsystem_pthread.dylib             0x0000000188369f94 _pthread_start + 136\n16  libsystem_pthread.dylib             0x0000000188364d34 thread_start + 8\n\n","statusTrace":"  File \"/Users/lauraandrade/PycharmProjects/Pasarela/.venv/lib/python3.13/site-packages/behave/model.py\", line 1329, in run\n    match.run(runner.context)\n    ~~~~~~~~~^^^^^^^^^^^^^^^^\n  File \"/Users/lauraandrade/PycharmProjects/Pasarela/.venv/lib/python3.13/site-packages/behave/matchers.py\", line 98, in run\n    self.func(context, *args, **kwargs)\n    ~~~~~~~~~^^^^^^^^^^^^^^^^^^^^^^^^^^\n  File \"features/steps/common_steps.py\", line 11, in step_impl\n    context.driver.get(context.base_url)\n    ~~~~~~~~~~~~~~~~~~^^^^^^^^^^^^^^^^^^\n  File \"/Users/lauraandrade/PycharmProjects/Pasarela/.venv/lib/python3.13/site-packages/selenium/webdriver/remote/webdriver.py\", line 355, in get\n    self.execute(Command.GET, {\"url\": url})\n    ~~~~~~~~~~~~^^^^^^^^^^^^^^^^^^^^^^^^^^^\n  File \"/Users/lauraandrade/PycharmProjects/Pasarela/.venv/lib/python3.13/site-packages/selenium/webdriver/remote/webdriver.py\", line 346, in execute\n    self.error_handler.check_response(response)\n    ~~~~~~~~~~~~~~~~~~~~~~~~~~~~~~~~~^^^^^^^^^^\n  File \"/Users/lauraandrade/PycharmProjects/Pasarela/.venv/lib/python3.13/site-packages/selenium/webdriver/remote/errorhandler.py\", line 245, in check_response\n    raise exception_class(message, screen, stacktrace)\n","flaky":false,"newFailed":false,"newBroken":false,"newPassed":false,"retriesCount":4,"retriesStatusChange":true,"beforeStages":[],"testStage":{"status":"broken","statusMessage":"selenium.common.exceptions.NoSuchWindowException: Message: no such window: target window already closed\nfrom unknown error: web view not found\n  (Session info: chrome=138.0.7204.101)\nStacktrace:\n0   chromedriver                        0x0000000102b8ceb4 cxxbridge1$str$ptr + 2722840\n1   chromedriver                        0x0000000102b84dbc cxxbridge1$str$ptr + 2689824\n2   chromedriver                        0x00000001026d63ec cxxbridge1$string$len + 90648\n3   chromedriver                        0x00000001026b0144 chromedriver + 131396\n4   chromedriver                        0x000000010274560c cxxbridge1$string$len + 545848\n5   chromedriver                        0x000000010275e454 cxxbridge1$string$len + 647808\n6   chromedriver                        0x0000000102711834 cxxbridge1$string$len + 333408\n7   chromedriver                        0x0000000102b4ffd0 cxxbridge1$str$ptr + 2473268\n8   chromedriver                        0x0000000102b5323c cxxbridge1$str$ptr + 2486176\n9   chromedriver                        0x0000000102b31a18 cxxbridge1$str$ptr + 2348924\n10  chromedriver                        0x0000000102b53af8 cxxbridge1$str$ptr + 2488412\n11  chromedriver                        0x0000000102b22aa8 cxxbridge1$str$ptr + 2287628\n12  chromedriver                        0x0000000102b739e8 cxxbridge1$str$ptr + 2619212\n13  chromedriver                        0x0000000102b73b74 cxxbridge1$str$ptr + 2619608\n14  chromedriver                        0x0000000102b849f8 cxxbridge1$str$ptr + 2688860\n15  libsystem_pthread.dylib             0x0000000188369f94 _pthread_start + 136\n16  libsystem_pthread.dylib             0x0000000188364d34 thread_start + 8\n\n","statusTrace":"  File \"/Users/lauraandrade/PycharmProjects/Pasarela/.venv/lib/python3.13/site-packages/behave/model.py\", line 1329, in run\n    match.run(runner.context)\n    ~~~~~~~~~^^^^^^^^^^^^^^^^\n  File \"/Users/lauraandrade/PycharmProjects/Pasarela/.venv/lib/python3.13/site-packages/behave/matchers.py\", line 98, in run\n    self.func(context, *args, **kwargs)\n    ~~~~~~~~~^^^^^^^^^^^^^^^^^^^^^^^^^^\n  File \"features/steps/common_steps.py\", line 11, in step_impl\n    context.driver.get(context.base_url)\n    ~~~~~~~~~~~~~~~~~~^^^^^^^^^^^^^^^^^^\n  File \"/Users/lauraandrade/PycharmProjects/Pasarela/.venv/lib/python3.13/site-packages/selenium/webdriver/remote/webdriver.py\", line 355, in get\n    self.execute(Command.GET, {\"url\": url})\n    ~~~~~~~~~~~~^^^^^^^^^^^^^^^^^^^^^^^^^^^\n  File \"/Users/lauraandrade/PycharmProjects/Pasarela/.venv/lib/python3.13/site-packages/selenium/webdriver/remote/webdriver.py\", line 346, in execute\n    self.error_handler.check_response(response)\n    ~~~~~~~~~~~~~~~~~~~~~~~~~~~~~~~~~^^^^^^^^^^\n  File \"/Users/lauraandrade/PycharmProjects/Pasarela/.venv/lib/python3.13/site-packages/selenium/webdriver/remote/errorhandler.py\", line 245, in check_response\n    raise exception_class(message, screen, stacktrace)\n","steps":[{"name":"Given que el usuario accede al formulario de Queplan","time":{"start":1752523689680,"stop":1752523689683,"duration":3},"status":"broken","statusMessage":"selenium.common.exceptions.NoSuchWindowException: Message: no such window: target window already closed\nfrom unknown error: web view not found\n  (Session info: chrome=138.0.7204.101)\nStacktrace:\n0   chromedriver                        0x0000000102b8ceb4 cxxbridge1$str$ptr + 2722840\n1   chromedriver                        0x0000000102b84dbc cxxbridge1$str$ptr + 2689824\n2   chromedriver                        0x00000001026d63ec cxxbridge1$string$len + 90648\n3   chromedriver                        0x00000001026b0144 chromedriver + 131396\n4   chromedriver                        0x000000010274560c cxxbridge1$string$len + 545848\n5   chromedriver                        0x000000010275e454 cxxbridge1$string$len + 647808\n6   chromedriver                        0x0000000102711834 cxxbridge1$string$len + 333408\n7   chromedriver                        0x0000000102b4ffd0 cxxbridge1$str$ptr + 2473268\n8   chromedriver                        0x0000000102b5323c cxxbridge1$str$ptr + 2486176\n9   chromedriver                        0x0000000102b31a18 cxxbridge1$str$ptr + 2348924\n10  chromedriver                        0x0000000102b53af8 cxxbridge1$str$ptr + 2488412\n11  chromedriver                        0x0000000102b22aa8 cxxbridge1$str$ptr + 2287628\n12  chromedriver                        0x0000000102b739e8 cxxbridge1$str$ptr + 2619212\n13  chromedriver                        0x0000000102b73b74 cxxbridge1$str$ptr + 2619608\n14  chromedriver                        0x0000000102b849f8 cxxbridge1$str$ptr + 2688860\n15  libsystem_pthread.dylib             0x0000000188369f94 _pthread_start + 136\n16  libsystem_pthread.dylib             0x0000000188364d34 thread_start + 8\n\n","statusTrace":"  File \"/Users/lauraandrade/PycharmProjects/Pasarela/.venv/lib/python3.13/site-packages/behave/model.py\", line 1329, in run\n    match.run(runner.context)\n    ~~~~~~~~~^^^^^^^^^^^^^^^^\n  File \"/Users/lauraandrade/PycharmProjects/Pasarela/.venv/lib/python3.13/site-packages/behave/matchers.py\", line 98, in run\n    self.func(context, *args, **kwargs)\n    ~~~~~~~~~^^^^^^^^^^^^^^^^^^^^^^^^^^\n  File \"features/steps/common_steps.py\", line 11, in step_impl\n    context.driver.get(context.base_url)\n    ~~~~~~~~~~~~~~~~~~^^^^^^^^^^^^^^^^^^\n  File \"/Users/lauraandrade/PycharmProjects/Pasarela/.venv/lib/python3.13/site-packages/selenium/webdriver/remote/webdriver.py\", line 355, in get\n    self.execute(Command.GET, {\"url\": url})\n    ~~~~~~~~~~~~^^^^^^^^^^^^^^^^^^^^^^^^^^^\n  File \"/Users/lauraandrade/PycharmProjects/Pasarela/.venv/lib/python3.13/site-packages/selenium/webdriver/remote/webdriver.py\", line 346, in execute\n    self.error_handler.check_response(response)\n    ~~~~~~~~~~~~~~~~~~~~~~~~~~~~~~~~~^^^^^^^^^^\n  File \"/Users/lauraandrade/PycharmProjects/Pasarela/.venv/lib/python3.13/site-packages/selenium/webdriver/remote/errorhandler.py\", line 245, in check_response\n    raise exception_class(message, screen, stacktrace)\n","steps":[],"attachments":[],"parameters":[],"stepsCount":0,"hasContent":true,"attachmentStep":false,"shouldDisplayMessage":true,"attachmentsCount":0},{"name":"When ingresa solo la fecha de nacimiento del contratante \"01-01-1990\"","time":{"start":1752523689780,"stop":1752523689780,"duration":0},"status":"skipped","steps":[],"attachments":[],"parameters":[],"stepsCount":0,"hasContent":false,"attachmentStep":false,"shouldDisplayMessage":false,"attachmentsCount":0},{"name":"And ingresa solo la fecha de nacimiento del beneficiario \"01-01-1980\" y parentesco \"Hijo(a)\"","time":{"start":1752523689780,"stop":1752523689780,"duration":0},"status":"skipped","steps":[],"attachments":[],"parameters":[],"stepsCount":0,"hasContent":false,"attachmentStep":false,"shouldDisplayMessage":false,"attachmentsCount":0},{"name":"Then debe mostrarse el mensaje de error \"La edad del 'Hijo/Hija' debería ser menor a la del titular.\"","time":{"start":1752523689780,"stop":1752523689780,"duration":0},"status":"skipped","steps":[],"attachments":[],"parameters":[],"stepsCount":0,"hasContent":false,"attachmentStep":false,"shouldDisplayMessage":false,"attachmentsCount":0}],"attachments":[],"parameters":[],"stepsCount":4,"hasContent":true,"attachmentStep":false,"shouldDisplayMessage":false,"attachmentsCount":0},"afterStages":[],"labels":[{"name":"severity","value":"normal"},{"name":"tag","value":"negative"},{"name":"tag","value":"queplan"},{"name":"tag","value":"regression"},{"name":"feature","value":"Flujo completo de contratación de seguro en Queplan"},{"name":"framework","value":"behave"},{"name":"language","value":"cpython3"},{"name":"resultFormat","value":"allure2"}],"parameters":[],"links":[],"hidden":false,"retry":false,"extra":{"severity":"normal","retries":[{"uid":"eaa2486d2e733801","status":"passed","time":{"start":1751990834453,"stop":1751990881785,"duration":47332}},{"uid":"be5139bef2b72758","status":"passed","time":{"start":1751549890920,"stop":1751549934951,"duration":44031}},{"uid":"9dacd1a32c41664a","status":"passed","time":{"start":1751386118840,"stop":1751386169213,"duration":50373}},{"uid":"f81eb856d450e27b","status":"broken","statusDetails":"selenium.common.exceptions.TimeoutException: Message: \n\n","time":{"start":1751385174543,"stop":1751385361950,"duration":187407}}],"categories":[{"name":"Test defects","matchedStatuses":[]}],"tags":["queplan","negative","regression"]},"source":"26ea79776d08411a.json","parameterValues":[]}